\BOOKMARK [0][-]{chapter.1}{\376\377\000H\000e\000r\000h\000a\000l\000i\000n\000g}{}% 1
\BOOKMARK [1][-]{section.1.1}{\376\377\000K\000l\000a\000s\000s\000e}{chapter.1}% 2
\BOOKMARK [1][-]{section.1.2}{\376\377\000E\000n\000u\000m}{chapter.1}% 3
\BOOKMARK [1][-]{section.1.3}{\376\377\000O\000v\000e\000r\000e\000r\000v\000i\000n\000g\000\040\000o\000f\000\040\000i\000n\000h\000e\000r\000i\000t\000a\000n\000c\000e}{chapter.1}% 4
\BOOKMARK [1][-]{section.1.4}{\376\377\000I\000n\000t\000e\000r\000f\000a\000c\000e}{chapter.1}% 5
\BOOKMARK [1][-]{section.1.5}{\376\377\000P\000o\000l\000y\000m\000o\000r\000f\000i\000s\000m\000e}{chapter.1}% 6
\BOOKMARK [0][-]{chapter.2}{\376\377\000U\000n\000i\000t\000\040\000t\000e\000s\000t\000i\000n\000g}{}% 7
\BOOKMARK [1][-]{section.2.1}{\376\377\000J\000U\000n\000i\000t}{chapter.2}% 8
\BOOKMARK [1][-]{section.2.2}{\376\377\000U\000n\000i\000t\000\040\000t\000e\000s\000t\000\040\000v\000o\000o\000r\000\040\000e\000e\000n\000\040\000c\000o\000n\000s\000t\000r\000u\000c\000t\000o\000r}{chapter.2}% 9
\BOOKMARK [1][-]{section.2.3}{\376\377\000U\000n\000i\000t\000\040\000t\000e\000s\000t\000\040\000v\000o\000o\000r\000\040\000e\000e\000n\000\040\000s\000e\000t\000t\000e\000r}{chapter.2}% 10
\BOOKMARK [1][-]{section.2.4}{\376\377\000U\000n\000i\000t\000\040\000t\000e\000s\000t\000\040\000v\000o\000o\000r\000\040\000e\000e\000n\000\040\000g\000e\000t\000t\000e\000r}{chapter.2}% 11
\BOOKMARK [0][-]{chapter.3}{\376\377\000F\000o\000u\000t\000a\000f\000h\000a\000n\000d\000e\000l\000i\000n\000g}{}% 12
\BOOKMARK [1][-]{section.3.1}{\376\377\000C\000o\000m\000p\000i\000l\000e\000-\000t\000i\000m\000e\000\040\000v\000s\000\040\000r\000u\000n\000t\000i\000m\000e\000\040\000e\000r\000r\000o\000r\000s}{chapter.3}% 13
\BOOKMARK [1][-]{section.3.2}{\376\377\000F\000i\000r\000s\000t\000\040\000c\000a\000t\000c\000h}{chapter.3}% 14
\BOOKMARK [1][-]{section.3.3}{\376\377\000J\000a\000v\000a\000\040\000e\000x\000c\000e\000p\000t\000i\000o\000n\000\040\000h\000i\000\353\000r\000a\000r\000c\000h\000i\000e}{chapter.3}% 15
\BOOKMARK [2][-]{subsection.3.3.1}{\376\377\000E\000r\000r\000o\000r\000s}{section.3.3}% 16
\BOOKMARK [2][-]{subsection.3.3.2}{\376\377\000R\000u\000n\000t\000i\000m\000e\000\040\000e\000x\000c\000e\000p\000t\000i\000o\000n\000s}{section.3.3}% 17
\BOOKMARK [2][-]{subsection.3.3.3}{\376\377\000C\000h\000e\000c\000k\000e\000d\000\040\000e\000x\000c\000e\000p\000t\000i\000o\000n\000s}{section.3.3}% 18
\BOOKMARK [1][-]{section.3.4}{\376\377\000M\000u\000l\000t\000i\000-\000c\000a\000t\000c\000h\000\040\000b\000l\000o\000k\000\040\000e\000n\000\040\000f\000i\000n\000a\000l\000l\000y}{chapter.3}% 19
\BOOKMARK [1][-]{section.3.5}{\376\377\000Z\000e\000l\000f\000\040\000e\000x\000c\000e\000p\000t\000i\000o\000n\000s\000\040\000o\000p\000g\000o\000o\000i\000e\000n}{chapter.3}% 20
\BOOKMARK [1][-]{section.3.6}{\376\377\000Z\000e\000l\000f\000\040\000e\000x\000c\000e\000p\000t\000i\000o\000n\000-\000k\000l\000a\000s\000s\000e\000n\000\040\000s\000c\000h\000r\000i\000j\000v\000e\000n}{chapter.3}% 21
\BOOKMARK [0][-]{chapter.4}{\376\377\000C\000o\000l\000l\000e\000c\000t\000i\000o\000n\000s}{}% 22
\BOOKMARK [1][-]{section.4.1}{\376\377\000H\000e\000t\000\040\000J\000a\000v\000a\000\040\000C\000o\000l\000l\000e\000c\000t\000i\000o\000n\000s\000\040\000F\000r\000a\000m\000e\000w\000o\000r\000k}{chapter.4}% 23
\BOOKMARK [1][-]{section.4.2}{\376\377\000I\000n\000t\000e\000r\000f\000a\000c\000e\000s}{chapter.4}% 24
\BOOKMARK [2][-]{subsection.4.2.1}{\376\377\000C\000o\000l\000l\000e\000c\000t\000i\000o\000n}{section.4.2}% 25
\BOOKMARK [2][-]{subsection.4.2.2}{\376\377\000S\000e\000t}{section.4.2}% 26
\BOOKMARK [2][-]{subsection.4.2.3}{\376\377\000L\000i\000s\000t}{section.4.2}% 27
\BOOKMARK [2][-]{subsection.4.2.4}{\376\377\000Q\000u\000e\000u\000e}{section.4.2}% 28
\BOOKMARK [2][-]{subsection.4.2.5}{\376\377\000D\000e\000q\000u\000e\000\040\000\050\000l\000e\000e\000s\000\040\000a\000l\000s\000\040\000d\000e\000c\000k\000\051}{section.4.2}% 29
\BOOKMARK [2][-]{subsection.4.2.6}{\376\377\000M\000a\000p}{section.4.2}% 30
\BOOKMARK [1][-]{section.4.3}{\376\377\000C\000o\000n\000c\000r\000e\000t\000e\000\040\000k\000l\000a\000s\000s\000e\000n}{chapter.4}% 31
\BOOKMARK [1][-]{section.4.4}{\376\377\000D\000e\000\040\000k\000l\000a\000s\000s\000e\000\040\000A\000r\000r\000a\000y\000L\000i\000s\000t}{chapter.4}% 32
\BOOKMARK [2][-]{subsection.4.4.1}{\376\377\000C\000o\000n\000s\000t\000r\000u\000c\000t\000o\000r}{section.4.4}% 33
\BOOKMARK [2][-]{subsection.4.4.2}{\376\377\000c\000o\000n\000t\000a\000i\000n\000s\000\040\000e\000n\000\040\000e\000q\000u\000a\000l\000s}{section.4.4}% 34
\BOOKMARK [2][-]{subsection.4.4.3}{\376\377\000I\000t\000e\000r\000a\000t\000o\000r}{section.4.4}% 35
\BOOKMARK [2][-]{subsection.4.4.4}{\376\377\000K\000l\000a\000s\000s\000e\000\040\000C\000o\000l\000l\000e\000c\000t\000i\000o\000n\000s}{section.4.4}% 36
\BOOKMARK [1][-]{section.4.5}{\376\377\000D\000e\000\040\000k\000l\000a\000s\000s\000e\000\040\000L\000i\000n\000k\000e\000d\000L\000i\000s\000t}{chapter.4}% 37
\BOOKMARK [2][-]{subsection.4.5.1}{\376\377\000L\000i\000n\000k\000e\000d\000L\000i\000s\000t\000\040\000a\000l\000s\000\040\000F\000I\000F\000O}{section.4.5}% 38
\BOOKMARK [2][-]{subsection.4.5.2}{\376\377\000L\000i\000n\000k\000e\000d\000L\000i\000s\000t\000\040\000a\000l\000s\000\040\000L\000I\000F\000O}{section.4.5}% 39
\BOOKMARK [2][-]{subsection.4.5.3}{\376\377\000L\000i\000n\000k\000e\000d\000L\000i\000s\000t\000\040\000e\000n\000\040\000A\000r\000r\000a\000y\000D\000e\000q\000u\000e}{section.4.5}% 40
\BOOKMARK [2][-]{subsection.4.5.4}{\376\377\000P\000e\000r\000f\000o\000r\000m\000a\000n\000t\000i\000e\000\040\000v\000a\000n\000\040\000A\000r\000r\000a\000y\000L\000i\000s\000t\000\040\000e\000n\000\040\000L\000i\000n\000k\000e\000d\000L\000i\000s\000t}{section.4.5}% 41
\BOOKMARK [1][-]{section.4.6}{\376\377\000D\000e\000\040\000k\000l\000a\000s\000s\000e\000\040\000H\000a\000s\000h\000S\000e\000t}{chapter.4}% 42
\BOOKMARK [1][-]{section.4.7}{\376\377\000D\000e\000\040\000k\000l\000a\000s\000s\000e\000\040\000P\000r\000i\000o\000r\000i\000t\000y\000Q\000u\000e\000u\000e}{chapter.4}% 43
\BOOKMARK [1][-]{section.4.8}{\376\377\000D\000e\000\040\000k\000l\000a\000s\000s\000e\000\040\000H\000a\000s\000h\000M\000a\000p}{chapter.4}% 44
\BOOKMARK [2][-]{subsection.4.8.1}{\376\377\000G\000e\000b\000r\000u\000i\000k}{section.4.8}% 45
\BOOKMARK [2][-]{subsection.4.8.2}{\376\377\000H\000a\000s\000h\000m\000a\000p\000\040\000f\000o\000r\000\040\000c\000a\000c\000h\000i\000n\000g}{section.4.8}% 46
\BOOKMARK [0][-]{chapter.5}{\376\377\000G\000e\000n\000e\000r\000i\000c\000s}{}% 47
\BOOKMARK [1][-]{section.5.1}{\376\377\000V\000\363\000\363\000r\000\040\000g\000e\000n\000e\000r\000i\000c\000s}{chapter.5}% 48
\BOOKMARK [1][-]{section.5.2}{\376\377\000Z\000e\000l\000f\000\040\000g\000e\000n\000e\000r\000i\000e\000k\000e\000\040\000k\000l\000a\000s\000s\000e\000n\000\040\000s\000c\000h\000r\000i\000j\000v\000e\000n}{chapter.5}% 49
\BOOKMARK [2][-]{subsection.5.2.1}{\376\377\000N\000a\000a\000m\000g\000e\000v\000i\000n\000g}{section.5.2}% 50
\BOOKMARK [1][-]{section.5.3}{\376\377\000G\000e\000n\000e\000r\000i\000e\000k\000e\000\040\000i\000n\000t\000e\000r\000f\000a\000c\000e\000s}{chapter.5}% 51
\BOOKMARK [2][-]{subsection.5.3.1}{\376\377\000I\000n\000t\000e\000r\000f\000a\000c\000e\000\040\000C\000o\000m\000p\000a\000r\000a\000b\000l\000e\000<\000T\000>}{section.5.3}% 52
\BOOKMARK [2][-]{subsection.5.3.2}{\376\377\000E\000i\000g\000e\000n\000\040\000g\000e\000n\000e\000r\000i\000e\000k\000e\000\040\000i\000n\000t\000e\000r\000f\000a\000c\000e}{section.5.3}% 53
\BOOKMARK [1][-]{section.5.4}{\376\377\000G\000e\000n\000e\000r\000i\000e\000k\000e\000\040\000f\000u\000n\000c\000t\000i\000e\000s}{chapter.5}% 54
\BOOKMARK [1][-]{section.5.5}{\376\377\000W\000i\000l\000d\000c\000a\000r\000d\000s\000\040\000e\000n\000\040\000b\000o\000u\000n\000d\000s}{chapter.5}% 55
\BOOKMARK [2][-]{subsection.5.5.1}{\376\377\000B\000o\000u\000n\000d\000e\000d\000\040\000w\000i\000l\000d\000c\000a\000r\000d\000s}{section.5.5}% 56
\BOOKMARK [2][-]{subsection.5.5.2}{\376\377\000B\000o\000u\000n\000d\000s}{section.5.5}% 57
\BOOKMARK [2][-]{subsection.5.5.3}{\376\377\000U\000p\000p\000e\000r\000\040\000b\000o\000u\000n\000d\000,\000\040\000l\000o\000w\000e\000r\000\040\000b\000o\000u\000n\000d\000\040\000e\000n\000\040\000u\000n\000b\000o\000u\000n\000d\000e\000d\000\040\000w\000i\000l\000d\000c\000a\000r\000d}{section.5.5}% 58
\BOOKMARK [1][-]{section.5.6}{\376\377\000E\000r\000a\000s\000u\000r\000e\000\040\000e\000n\000\040\000p\000r\000o\000b\000l\000e\000m\000e\000n}{chapter.5}% 59
\BOOKMARK [1][-]{section.5.7}{\376\377\000O\000e\000f\000e\000n\000i\000n\000g}{chapter.5}% 60
\BOOKMARK [0][-]{chapter.6}{\376\377\000G\000e\000n\000e\000s\000t\000e\000\040\000k\000l\000a\000s\000s\000e\000n\000\040\000e\000n\000\040\000l\000a\000m\000b\000d\000a\000\040\000e\000x\000p\000r\000e\000s\000s\000i\000e\000s}{}% 61
\BOOKMARK [1][-]{section.6.1}{\376\377\000G\000e\000n\000e\000s\000t\000e\000\040\000k\000l\000a\000s\000s\000e\000n}{chapter.6}% 62
\BOOKMARK [2][-]{subsection.6.1.1}{\376\377\000I\000n\000n\000e\000r\000\040\000c\000l\000a\000s\000s\000e\000s}{section.6.1}% 63
\BOOKMARK [2][-]{subsection.6.1.2}{\376\377\000S\000t\000a\000t\000i\000c\000\040\000n\000e\000s\000t\000e\000d\000\040\000c\000l\000a\000s\000s}{section.6.1}% 64
\BOOKMARK [2][-]{subsection.6.1.3}{\376\377\000L\000o\000c\000a\000l\000\040\000i\000n\000n\000e\000r\000\040\000c\000l\000a\000s\000s}{section.6.1}% 65
\BOOKMARK [2][-]{subsection.6.1.4}{\376\377\000A\000n\000o\000n\000y\000m\000o\000u\000s\000\040\000i\000n\000n\000e\000r\000\040\000c\000l\000a\000s\000s}{section.6.1}% 66
\BOOKMARK [1][-]{section.6.2}{\376\377\000F\000u\000n\000c\000t\000i\000o\000n\000e\000l\000e\000\040\000i\000n\000t\000e\000r\000f\000a\000c\000e\000s}{chapter.6}% 67
\BOOKMARK [1][-]{section.6.3}{\376\377\000E\000v\000e\000n\000t\000\040\000h\000a\000n\000d\000l\000i\000n\000g}{chapter.6}% 68
\BOOKMARK [1][-]{section.6.4}{\376\377\000S\000t\000a\000n\000d\000a\000a\000r\000d\000\040\000f\000u\000n\000c\000t\000i\000o\000n\000e\000l\000e\000\040\000i\000n\000t\000e\000r\000f\000a\000c\000e\000s}{chapter.6}% 69
\BOOKMARK [2][-]{subsection.6.4.1}{\376\377\000V\000e\000r\000s\000c\000h\000i\000l\000l\000e\000n\000d\000e\000\040\000m\000a\000n\000i\000e\000r\000e\000n\000\040\000o\000m\000\040\000l\000a\000m\000b\000d\000a\000\040\000e\000x\000p\000r\000e\000s\000s\000i\000e\000s\000\040\000t\000e\000\040\000s\000c\000h\000r\000i\000j\000v\000e\000n}{section.6.4}% 70
\BOOKMARK [2][-]{subsection.6.4.2}{\376\377\000P\000r\000e\000d\000i\000c\000a\000t\000e\000<\000T\000>}{section.6.4}% 71
\BOOKMARK [2][-]{subsection.6.4.3}{\376\377\000F\000u\000n\000c\000t\000i\000o\000n\000<\000T\000,\000\040\000R\000>}{section.6.4}% 72
\BOOKMARK [2][-]{subsection.6.4.4}{\376\377\000C\000o\000n\000s\000u\000m\000e\000r\000<\000T\000>}{section.6.4}% 73
\BOOKMARK [1][-]{section.6.5}{\376\377\000M\000e\000t\000h\000o\000d\000\040\000r\000e\000f\000e\000r\000e\000n\000c\000e}{chapter.6}% 74
\BOOKMARK [2][-]{subsection.6.5.1}{\376\377\000S\000t\000a\000t\000i\000c\000\040\000m\000e\000t\000h\000o\000d\000s}{section.6.5}% 75
\BOOKMARK [2][-]{subsection.6.5.2}{\376\377\000I\000n\000s\000t\000a\000n\000c\000e\000\040\000m\000e\000t\000h\000o\000d\000\040\000\050\000u\000n\000b\000o\000u\000n\000d\000e\000d\000\051}{section.6.5}% 76
\BOOKMARK [2][-]{subsection.6.5.3}{\376\377\000I\000n\000s\000t\000a\000n\000c\000e\000\040\000m\000e\000t\000h\000o\000d\000\040\000\050\000b\000o\000u\000n\000d\000e\000d\000\051}{section.6.5}% 77
\BOOKMARK [2][-]{subsection.6.5.4}{\376\377\000C\000o\000n\000s\000t\000r\000u\000c\000t\000o\000r}{section.6.5}% 78
\BOOKMARK [1][-]{section.6.6}{\376\377\000O\000e\000f\000e\000n\000i\000n\000g\000e\000n}{chapter.6}% 79
\BOOKMARK [0][-]{chapter.7}{\376\377\000S\000t\000r\000e\000a\000m\000s}{}% 80
\BOOKMARK [1][-]{section.7.1}{\376\377\000E\000x\000t\000e\000r\000n\000a\000l\000\040\000e\000n\000\040\000i\000n\000t\000e\000r\000n\000a\000l\000\040\000i\000t\000e\000r\000a\000t\000o\000r\000s}{chapter.7}% 81
\BOOKMARK [1][-]{section.7.2}{\376\377\000I\000n\000t\000e\000r\000m\000e\000d\000i\000a\000t\000e\000\040\000e\000n\000\040\000t\000e\000r\000m\000i\000n\000a\000l\000\040\000o\000p\000e\000r\000a\000t\000i\000o\000n\000s}{chapter.7}% 82
\BOOKMARK [2][-]{subsection.7.2.1}{\376\377\000T\000e\000r\000m\000i\000n\000a\000l\000\040\000o\000p\000e\000r\000a\000t\000i\000o\000n\000\040\000.\000c\000o\000l\000l\000e\000c\000t\000\050\000\051}{section.7.2}% 83
\BOOKMARK [2][-]{subsection.7.2.2}{\376\377\000I\000n\000t\000e\000r\000m\000e\000d\000i\000a\000t\000e\000\040\000o\000p\000e\000r\000a\000t\000i\000o\000n\000\040\000.\000f\000i\000l\000t\000e\000r\000\050\000\051}{section.7.2}% 84
\BOOKMARK [2][-]{subsection.7.2.3}{\376\377\000T\000e\000r\000m\000i\000n\000a\000l\000\040\000o\000p\000e\000r\000a\000t\000i\000o\000n\000\040\000.\000f\000o\000r\000E\000a\000c\000h\000\050\000\051}{section.7.2}% 85
\BOOKMARK [2][-]{subsection.7.2.4}{\376\377\000I\000n\000t\000e\000r\000m\000e\000d\000i\000a\000t\000e\000\040\000o\000p\000e\000r\000a\000t\000i\000o\000n\000\040\000.\000m\000a\000p\000\050\000\051}{section.7.2}% 86
\BOOKMARK [2][-]{subsection.7.2.5}{\376\377\000I\000n\000t\000e\000r\000m\000e\000d\000i\000a\000t\000e\000\040\000o\000p\000e\000r\000a\000t\000i\000o\000n\000\040\000.\000s\000o\000r\000t\000e\000d\000\050\000\051}{section.7.2}% 87
\BOOKMARK [2][-]{subsection.7.2.6}{\376\377\000I\000n\000t\000e\000r\000m\000e\000d\000i\000a\000t\000e\000\040\000o\000p\000e\000r\000a\000t\000i\000o\000n\000\040\000.\000d\000i\000s\000t\000i\000n\000c\000t\000\050\000\051}{section.7.2}% 88
\BOOKMARK [2][-]{subsection.7.2.7}{\376\377\000I\000n\000t\000e\000r\000m\000e\000d\000i\000a\000t\000e\000\040\000o\000p\000e\000r\000a\000t\000i\000o\000n\000\040\000.\000l\000i\000m\000i\000t\000\050\000\051}{section.7.2}% 89
\BOOKMARK [2][-]{subsection.7.2.8}{\376\377\000I\000n\000t\000e\000r\000m\000e\000d\000i\000a\000t\000e\000\040\000o\000p\000e\000r\000a\000t\000i\000o\000n\000\040\000p\000e\000e\000k\000\050\000\051}{section.7.2}% 90
\BOOKMARK [2][-]{subsection.7.2.9}{\376\377\000T\000e\000r\000m\000i\000n\000a\000l\000\040\000o\000p\000e\000r\000a\000t\000i\000o\000n\000\040\000.\000c\000o\000u\000n\000t\000\050\000\051}{section.7.2}% 91
\BOOKMARK [1][-]{section.7.3}{\376\377\000I\000n\000t\000s\000t\000r\000e\000a\000m\000,\000\040\000L\000o\000n\000g\000S\000t\000r\000e\000a\000m\000\040\000e\000n\000\040\000D\000o\000u\000b\000l\000e\000S\000t\000r\000e\000a\000m}{chapter.7}% 92
\BOOKMARK [2][-]{subsection.7.3.1}{\376\377\000s\000u\000m\000\050\000\051}{section.7.3}% 93
\BOOKMARK [2][-]{subsection.7.3.2}{\376\377\000r\000a\000n\000g\000e\000\050\000\051\000\040\000e\000n\000\040\000r\000a\000n\000g\000e\000C\000l\000o\000s\000e\000d\000\050\000\051}{section.7.3}% 94
\BOOKMARK [2][-]{subsection.7.3.3}{\376\377\000m\000i\000n\000\050\000\051\000,\000\040\000m\000a\000x\000\050\000\051\000\040\000e\000n\000\040\000a\000v\000e\000r\000a\000g\000e\000\050\000\051}{section.7.3}% 95
\BOOKMARK [1][-]{section.7.4}{\376\377\000G\000e\000a\000v\000a\000n\000c\000e\000e\000r\000d\000e\000r\000e\000\040\000o\000p\000e\000r\000a\000t\000i\000o\000n\000s}{chapter.7}% 96
\BOOKMARK [2][-]{subsection.7.4.1}{\376\377\000T\000e\000r\000m\000i\000n\000a\000l\000\040\000o\000p\000e\000r\000a\000t\000i\000o\000n\000\040\000.\000r\000e\000d\000u\000c\000e\000\050\000\051}{section.7.4}% 97
\BOOKMARK [2][-]{subsection.7.4.2}{\376\377\000I\000n\000t\000e\000r\000m\000e\000d\000i\000a\000t\000e\000\040\000o\000p\000e\000r\000a\000t\000i\000o\000n\000\040\000.\000f\000l\000a\000t\000M\000a\000p\000\050\000\051}{section.7.4}% 98
\BOOKMARK [1][-]{section.7.5}{\376\377\000O\000e\000f\000e\000n\000i\000n\000g\000e\000n}{chapter.7}% 99
\BOOKMARK [0][-]{chapter.8}{\376\377\000J\000a\000v\000a\000\040\000I\000/\000O}{}% 100
\BOOKMARK [1][-]{section.8.1}{\376\377\000T\000o\000e\000g\000a\000n\000g\000\040\000t\000o\000t\000\040\000b\000e\000s\000t\000a\000n\000d\000e\000n\000\040\000e\000n\000\040\000d\000i\000r\000e\000c\000t\000o\000r\000i\000e\000s}{chapter.8}% 101
\BOOKMARK [2][-]{subsection.8.1.1}{\376\377\000D\000e\000\040\000k\000l\000a\000s\000s\000e\000\040\000F\000i\000l\000e\000S\000y\000s\000t\000e\000m\000\040\000e\000n\000\040\000d\000e\000\040\000i\000n\000t\000e\000r\000f\000a\000c\000e\000\040\000P\000a\000t\000h}{section.8.1}% 102
\BOOKMARK [2][-]{subsection.8.1.2}{\376\377\000H\000e\000t\000\040\000f\000a\000c\000t\000o\000r\000y\000\040\000o\000n\000t\000w\000e\000r\000p\000p\000a\000t\000r\000o\000o\000n}{section.8.1}% 103
\BOOKMARK [2][-]{subsection.8.1.3}{\376\377\000D\000e\000\040\000u\000t\000i\000l\000i\000t\000y\000\040\000k\000l\000a\000s\000s\000e\000\040\000F\000i\000l\000e\000s}{section.8.1}% 104
\BOOKMARK [1][-]{section.8.2}{\376\377\000T\000e\000k\000s\000t\000b\000e\000s\000t\000a\000n\000d\000e\000n}{chapter.8}% 105
\BOOKMARK [2][-]{subsection.8.2.1}{\376\377\000I\000/\000O\000\040\000S\000t\000r\000e\000a\000m\000s}{section.8.2}% 106
\BOOKMARK [2][-]{subsection.8.2.2}{\376\377\000B\000u\000f\000f\000e\000r\000e\000d\000R\000e\000a\000d\000e\000r}{section.8.2}% 107
\BOOKMARK [2][-]{subsection.8.2.3}{\376\377\000B\000u\000f\000f\000e\000r\000e\000d\000W\000r\000i\000t\000e\000r}{section.8.2}% 108
\BOOKMARK [2][-]{subsection.8.2.4}{\376\377\000C\000h\000a\000r\000a\000c\000t\000e\000r\000\040\000s\000e\000t\000s}{section.8.2}% 109
\BOOKMARK [2][-]{subsection.8.2.5}{\376\377\000H\000e\000t\000\040\000d\000e\000c\000o\000r\000a\000t\000o\000r\000\040\000p\000a\000t\000r\000o\000o\000n}{section.8.2}% 110
\BOOKMARK [1][-]{section.8.3}{\376\377\000P\000r\000o\000g\000r\000a\000m\000m\000a\000\040\000a\000t\000t\000r\000i\000b\000u\000t\000e\000n}{chapter.8}% 111
\BOOKMARK [1][-]{section.8.4}{\376\377\000B\000y\000t\000e\000\040\000s\000t\000r\000e\000a\000m}{chapter.8}% 112
\BOOKMARK [2][-]{subsection.8.4.1}{\376\377\000O\000b\000j\000e\000c\000t\000\040\000s\000e\000r\000i\000a\000l\000i\000z\000a\000t\000i\000o\000n}{section.8.4}% 113
\BOOKMARK [2][-]{subsection.8.4.2}{\376\377\000O\000b\000j\000e\000c\000t\000\040\000d\000e\000s\000e\000r\000i\000a\000l\000i\000z\000a\000t\000i\000o\000n}{section.8.4}% 114
\BOOKMARK [1][-]{section.8.5}{\376\377\000O\000e\000f\000e\000n\000i\000n\000g\000e\000n}{chapter.8}% 115
\BOOKMARK [0][-]{chapter.9}{\376\377\000M\000u\000l\000t\000i\000t\000h\000r\000e\000a\000d\000i\000n\000g}{}% 116
\BOOKMARK [1][-]{section.9.1}{\376\377\000W\000a\000t\000\040\000z\000i\000j\000n\000\040\000t\000h\000r\000e\000a\000d\000s\000?}{chapter.9}% 117
\BOOKMARK [1][-]{section.9.2}{\376\377\000T\000h\000r\000e\000a\000d\000s\000\040\000z\000i\000j\000n\000\040\000o\000b\000j\000e\000c\000t\000e\000n}{chapter.9}% 118
\BOOKMARK [2][-]{subsection.9.2.1}{\376\377\000S\000u\000b\000k\000l\000a\000s\000s\000e\000\040\000v\000a\000n\000\040\000T\000h\000r\000e\000a\000d}{section.9.2}% 119
\BOOKMARK [2][-]{subsection.9.2.2}{\376\377\000D\000e\000\040\000i\000n\000t\000e\000r\000f\000a\000c\000e\000\040\000R\000u\000n\000n\000a\000b\000l\000e\000\040\000i\000m\000p\000l\000e\000m\000e\000n\000t\000e\000r\000e\000n}{section.9.2}% 120
\BOOKMARK [2][-]{subsection.9.2.3}{\376\377\000T\000h\000r\000e\000a\000d\000\040\000c\000l\000a\000s\000s\000\040\000v\000e\000r\000s\000u\000s\000\040\000R\000u\000n\000n\000a\000b\000l\000e\000\040\000I\000n\000t\000e\000r\000f\000a\000c\000e}{section.9.2}% 121
\BOOKMARK [1][-]{section.9.3}{\376\377\000T\000h\000r\000e\000a\000d\000\040\000l\000i\000f\000e\000\040\000c\000y\000c\000l\000e}{chapter.9}% 122
\BOOKMARK [2][-]{subsection.9.3.1}{\376\377\000T\000h\000r\000e\000a\000d\000.\000s\000l\000e\000e\000p\000\050\000\051}{section.9.3}% 123
\BOOKMARK [2][-]{subsection.9.3.2}{\376\377\000r\000e\000f\000e\000r\000e\000n\000c\000e\000d\000T\000h\000r\000e\000a\000d\000.\000j\000o\000i\000n\000\050\000\051}{section.9.3}% 124
\BOOKMARK [1][-]{section.9.4}{\376\377\000T\000h\000r\000e\000a\000d\000\040\000s\000y\000n\000c\000h\000r\000o\000n\000i\000z\000a\000t\000i\000o\000n}{chapter.9}% 125
\BOOKMARK [2][-]{subsection.9.4.1}{\376\377\000S\000t\000a\000t\000u\000s\000\040\000W\000A\000I\000T\000I\000N\000G\000,\000\040\000T\000I\000M\000E\000D\000\137\000W\000A\000I\000T\000I\000N\000G\000\040\000e\000n\000\040\000B\000L\000O\000C\000K\000E\000D}{section.9.4}% 126
\BOOKMARK [1][-]{section.9.5}{\376\377\000T\000i\000m\000e\000r\000\040\000e\000n\000\040\000T\000i\000m\000e\000r\000T\000a\000s\000k}{chapter.9}% 127
\BOOKMARK [1][-]{section.9.6}{\376\377\000C\000o\000n\000c\000u\000r\000r\000e\000n\000c\000y\000\040\000f\000r\000a\000m\000e\000w\000o\000r\000k}{chapter.9}% 128
\BOOKMARK [2][-]{subsection.9.6.1}{\376\377\000C\000o\000n\000c\000u\000r\000r\000e\000n\000t\000\040\000c\000o\000l\000l\000e\000c\000t\000i\000o\000n\000s}{section.9.6}% 129
\BOOKMARK [2][-]{subsection.9.6.2}{\376\377\000A\000t\000o\000m\000i\000c\000\040\000v\000a\000r\000i\000a\000b\000l\000e\000s}{section.9.6}% 130
\BOOKMARK [2][-]{subsection.9.6.3}{\376\377\000E\000x\000e\000c\000u\000t\000o\000r\000S\000e\000r\000v\000i\000c\000e\000\040\000f\000r\000a\000m\000e\000w\000o\000r\000k}{section.9.6}% 131
\BOOKMARK [1][-]{section.9.7}{\376\377\000P\000a\000r\000a\000l\000l\000e\000l\000\040\000s\000t\000r\000e\000a\000m\000s}{chapter.9}% 132
\BOOKMARK [1][-]{section.9.8}{\376\377\000O\000e\000f\000e\000n\000i\000n\000g\000e\000n}{chapter.9}% 133
