\BOOKMARK [0][-]{chapter.1}{\376\377\000I\000n\000t\000r\000o\000d\000u\000c\000t\000i\000o\000n}{}% 1
\BOOKMARK [1][-]{section.1.1}{\376\377\000E\000n\000t\000e\000r\000p\000r\000i\000s\000e\000\040\000A\000p\000p\000l\000i\000c\000a\000t\000i\000o\000n\000s\000\040\000w\000i\000t\000h\000\040\000J\000a\000v\000a}{chapter.1}% 2
\BOOKMARK [1][-]{section.1.2}{\376\377\000W\000h\000a\000t\000\040\000i\000s\000\040\000S\000p\000r\000i\000n\000g\000\040\000B\000o\000o\000t\000?}{chapter.1}% 3
\BOOKMARK [1][-]{section.1.3}{\376\377\000B\000o\000o\000t\000s\000t\000r\000a\000p\000p\000i\000n\000g\000\040\000a\000\040\000s\000i\000m\000p\000l\000e\000\040\000a\000p\000p\000l\000i\000c\000a\000t\000i\000o\000n}{chapter.1}% 4
\BOOKMARK [2][-]{subsection.1.3.1}{\376\377\000U\000s\000i\000n\000g\000\040\000S\000p\000r\000i\000n\000g\000\040\000I\000n\000i\000t\000i\000a\000l\000i\000z\000r}{section.1.3}% 5
\BOOKMARK [1][-]{section.1.4}{\376\377\000R\000u\000n\000n\000i\000n\000g\000\040\000t\000h\000e\000\040\000d\000e\000m\000o\000\040\000p\000r\000o\000j\000e\000c\000t}{chapter.1}% 6
\BOOKMARK [2][-]{subsection.1.4.1}{\376\377\000C\000o\000m\000p\000o\000n\000e\000n\000t}{section.1.4}% 7
\BOOKMARK [2][-]{subsection.1.4.2}{\376\377\000T\000h\000e\000\040\000M\000a\000v\000e\000n\000\040\000p\000o\000m\000\040\000f\000i\000l\000e}{section.1.4}% 8
\BOOKMARK [2][-]{subsection.1.4.3}{\376\377\000@\000S\000p\000r\000i\000n\000g\000B\000o\000o\000t\000A\000p\000p\000l\000i\000c\000a\000t\000i\000o\000n}{section.1.4}% 9
\BOOKMARK [2][-]{subsection.1.4.4}{\376\377\000A\000u\000t\000o\000-\000c\000o\000n\000f\000i\000g\000u\000r\000a\000t\000i\000o\000n}{section.1.4}% 10
\BOOKMARK [0][-]{chapter.2}{\376\377\000R\000E\000S\000T}{}% 11
\BOOKMARK [1][-]{section.2.1}{\376\377\000H\000T\000T\000P\000-\000v\000e\000r\000z\000o\000e\000k\000m\000e\000t\000h\000o\000d\000e\000n}{chapter.2}% 12
\BOOKMARK [1][-]{section.2.2}{\376\377\000S\000p\000r\000i\000n\000g\000\040\000B\000o\000o\000t\000\040\000S\000t\000a\000r\000t\000e\000r\000\040\000W\000e\000b}{chapter.2}% 13
\BOOKMARK [1][-]{section.2.3}{\376\377\000D\000e\000\040\000R\000e\000s\000t\000C\000o\000n\000t\000r\000o\000l\000l\000e\000r}{chapter.2}% 14
\BOOKMARK [1][-]{section.2.4}{\376\377\000M\000u\000s\000i\000c\000P\000l\000a\000y\000l\000i\000s\000t}{chapter.2}% 15
\BOOKMARK [2][-]{subsection.2.4.1}{\376\377\000E\000e\000n\000\040\000l\000i\000e\000d\000j\000e\000\040\000t\000o\000e\000v\000o\000e\000g\000e\000n\000\040\000a\000a\000n\000\040\000e\000e\000n\000\040\000p\000l\000a\000y\000l\000i\000s\000t}{section.2.4}% 16
\BOOKMARK [2][-]{subsection.2.4.2}{\376\377\000D\000e\000\040\000p\000l\000a\000y\000l\000i\000s\000t\000\040\000o\000p\000v\000r\000a\000g\000e\000n}{section.2.4}% 17
\BOOKMARK [2][-]{subsection.2.4.3}{\376\377\000L\000i\000e\000d\000j\000e\000s\000\040\000v\000a\000n\000\040\000\351\000\351\000n\000\040\000g\000e\000n\000r\000e}{section.2.4}% 18
\BOOKMARK [2][-]{subsection.2.4.4}{\376\377\000G\000e\000g\000e\000v\000e\000n\000s\000\040\000v\000a\000n\000\040\000e\000e\000n\000\040\000l\000i\000e\000d\000j\000e\000\040\000a\000a\000n\000p\000a\000s\000s\000e\000n}{section.2.4}% 19
\BOOKMARK [2][-]{subsection.2.4.5}{\376\377\000E\000e\000n\000\040\000l\000i\000e\000d\000j\000e\000\040\000v\000e\000r\000w\000i\000j\000d\000e\000r\000e\000n}{section.2.4}% 20
\BOOKMARK [1][-]{section.2.5}{\376\377\000G\000e\000g\000e\000v\000e\000n\000s\000\040\000v\000a\000l\000i\000d\000e\000r\000e\000n}{chapter.2}% 21
\BOOKMARK [1][-]{section.2.6}{\376\377\000R\000E\000S\000T\000\040\000E\000n\000d\000p\000o\000i\000n\000t\000s}{chapter.2}% 22
\BOOKMARK [1][-]{section.2.7}{\376\377\000E\000x\000a\000m\000p\000l\000e\000s\000\040\000o\000f\000\040\000J\000S\000O\000N\000\040\000D\000a\000t\000a}{chapter.2}% 23
\BOOKMARK [2][-]{subsection.2.7.1}{\376\377\000C\000r\000e\000a\000t\000e\000\040\000N\000e\000w\000\040\000H\000o\000u\000s\000e\000\040\000\050\000P\000O\000S\000T\000\051}{section.2.7}% 24
\BOOKMARK [2][-]{subsection.2.7.2}{\376\377\000U\000p\000d\000a\000t\000e\000\040\000H\000o\000u\000s\000e\000\040\000\050\000P\000U\000T\000\051}{section.2.7}% 25
\BOOKMARK [2][-]{subsection.2.7.3}{\376\377\000R\000e\000s\000p\000o\000n\000s\000e\000\040\000a\000f\000t\000e\000r\000\040\000G\000E\000T\000\040\000R\000e\000q\000u\000e\000s\000t\000\040\000\050\000G\000E\000T\000\051}{section.2.7}% 26
\BOOKMARK [0][-]{chapter.3}{\376\377\000U\000n\000i\000t\000\040\000t\000e\000s\000t\000i\000n\000g}{}% 27
\BOOKMARK [1][-]{section.3.1}{\376\377\000J\000U\000n\000i\000t}{chapter.3}% 28
\BOOKMARK [1][-]{section.3.2}{\376\377\000U\000n\000i\000t\000\040\000t\000e\000s\000t\000\040\000v\000o\000o\000r\000\040\000e\000e\000n\000\040\000c\000o\000n\000s\000t\000r\000u\000c\000t\000o\000r}{chapter.3}% 29
\BOOKMARK [1][-]{section.3.3}{\376\377\000U\000n\000i\000t\000\040\000t\000e\000s\000t\000\040\000v\000o\000o\000r\000\040\000e\000e\000n\000\040\000s\000e\000t\000t\000e\000r}{chapter.3}% 30
\BOOKMARK [1][-]{section.3.4}{\376\377\000U\000n\000i\000t\000\040\000t\000e\000s\000t\000\040\000v\000o\000o\000r\000\040\000e\000e\000n\000\040\000g\000e\000t\000t\000e\000r}{chapter.3}% 31
\BOOKMARK [0][-]{chapter.4}{\376\377\000S\000t\000r\000e\000a\000m\000s}{}% 32
\BOOKMARK [1][-]{section.4.1}{\376\377\000E\000x\000t\000e\000r\000n\000a\000l\000\040\000e\000n\000\040\000i\000n\000t\000e\000r\000n\000a\000l\000\040\000i\000t\000e\000r\000a\000t\000o\000r\000s}{chapter.4}% 33
\BOOKMARK [1][-]{section.4.2}{\376\377\000I\000n\000t\000e\000r\000m\000e\000d\000i\000a\000t\000e\000\040\000e\000n\000\040\000t\000e\000r\000m\000i\000n\000a\000l\000\040\000o\000p\000e\000r\000a\000t\000i\000o\000n\000s}{chapter.4}% 34
\BOOKMARK [2][-]{subsection.4.2.1}{\376\377\000T\000e\000r\000m\000i\000n\000a\000l\000\040\000o\000p\000e\000r\000a\000t\000i\000o\000n\000\040\000.\000c\000o\000l\000l\000e\000c\000t\000\050\000\051}{section.4.2}% 35
\BOOKMARK [2][-]{subsection.4.2.2}{\376\377\000I\000n\000t\000e\000r\000m\000e\000d\000i\000a\000t\000e\000\040\000o\000p\000e\000r\000a\000t\000i\000o\000n\000\040\000.\000f\000i\000l\000t\000e\000r\000\050\000\051}{section.4.2}% 36
\BOOKMARK [2][-]{subsection.4.2.3}{\376\377\000T\000e\000r\000m\000i\000n\000a\000l\000\040\000o\000p\000e\000r\000a\000t\000i\000o\000n\000\040\000.\000f\000o\000r\000E\000a\000c\000h\000\050\000\051}{section.4.2}% 37
\BOOKMARK [2][-]{subsection.4.2.4}{\376\377\000I\000n\000t\000e\000r\000m\000e\000d\000i\000a\000t\000e\000\040\000o\000p\000e\000r\000a\000t\000i\000o\000n\000\040\000.\000m\000a\000p\000\050\000\051}{section.4.2}% 38
\BOOKMARK [2][-]{subsection.4.2.5}{\376\377\000I\000n\000t\000e\000r\000m\000e\000d\000i\000a\000t\000e\000\040\000o\000p\000e\000r\000a\000t\000i\000o\000n\000\040\000.\000s\000o\000r\000t\000e\000d\000\050\000\051}{section.4.2}% 39
\BOOKMARK [2][-]{subsection.4.2.6}{\376\377\000I\000n\000t\000e\000r\000m\000e\000d\000i\000a\000t\000e\000\040\000o\000p\000e\000r\000a\000t\000i\000o\000n\000\040\000.\000d\000i\000s\000t\000i\000n\000c\000t\000\050\000\051}{section.4.2}% 40
\BOOKMARK [2][-]{subsection.4.2.7}{\376\377\000I\000n\000t\000e\000r\000m\000e\000d\000i\000a\000t\000e\000\040\000o\000p\000e\000r\000a\000t\000i\000o\000n\000\040\000.\000l\000i\000m\000i\000t\000\050\000\051}{section.4.2}% 41
\BOOKMARK [2][-]{subsection.4.2.8}{\376\377\000I\000n\000t\000e\000r\000m\000e\000d\000i\000a\000t\000e\000\040\000o\000p\000e\000r\000a\000t\000i\000o\000n\000\040\000p\000e\000e\000k\000\050\000\051}{section.4.2}% 42
\BOOKMARK [2][-]{subsection.4.2.9}{\376\377\000T\000e\000r\000m\000i\000n\000a\000l\000\040\000o\000p\000e\000r\000a\000t\000i\000o\000n\000\040\000.\000c\000o\000u\000n\000t\000\050\000\051}{section.4.2}% 43
\BOOKMARK [1][-]{section.4.3}{\376\377\000I\000n\000t\000s\000t\000r\000e\000a\000m\000,\000\040\000L\000o\000n\000g\000S\000t\000r\000e\000a\000m\000\040\000e\000n\000\040\000D\000o\000u\000b\000l\000e\000S\000t\000r\000e\000a\000m}{chapter.4}% 44
\BOOKMARK [2][-]{subsection.4.3.1}{\376\377\000s\000u\000m\000\050\000\051}{section.4.3}% 45
\BOOKMARK [2][-]{subsection.4.3.2}{\376\377\000r\000a\000n\000g\000e\000\050\000\051\000\040\000e\000n\000\040\000r\000a\000n\000g\000e\000C\000l\000o\000s\000e\000d\000\050\000\051}{section.4.3}% 46
\BOOKMARK [2][-]{subsection.4.3.3}{\376\377\000m\000i\000n\000\050\000\051\000,\000\040\000m\000a\000x\000\050\000\051\000\040\000e\000n\000\040\000a\000v\000e\000r\000a\000g\000e\000\050\000\051}{section.4.3}% 47
\BOOKMARK [1][-]{section.4.4}{\376\377\000C\000o\000m\000p\000o\000n\000e\000n\000t\000s\000\040\000a\000n\000d\000\040\000d\000e\000p\000e\000n\000d\000e\000n\000c\000y\000\040\000i\000n\000j\000e\000c\000t\000i\000o\000n}{chapter.4}% 48
\BOOKMARK [1][-]{section.4.5}{\376\377\000D\000e\000v\000O\000p\000s\000\040\000T\000o\000o\000l\000s\000\040\000f\000o\000r\000\040\000J\000a\000v\000a\000\040\000D\000e\000v\000e\000l\000o\000p\000e\000r\000s}{chapter.4}% 49
